<?xml version="1.0" encoding="UTF-8"?>
<testsuite name="com.bdd.runner.RunnerTest" time="51.449" tests="7" errors="0" skipped="0" failures="0">
  <properties>
[...]
</properties>
  <testcase name="que el usuario ingresa a la pagina demoblaze en el navegador de &quot;chrome&quot;" classname="Validar el funcionamiento de la creacion de una cuenta por mensaje" time="3.922"/>
  <testcase name="el usuario hace click en el boton Singn up" classname="Validar el funcionamiento de la creacion de una cuenta por mensaje" time="1.492"/>
  <testcase name="digita el nombre del cliente &quot;dasa15&quot;" classname="Validar el funcionamiento de la creacion de una cuenta por mensaje" time="2.372"/>
  <testcase name="digita la clave del cliente &quot;ror15&quot;" classname="Validar el funcionamiento de la creacion de una cuenta por mensaje" time="2.332"/>
  <testcase name="hace click en el boton Singn up" classname="Validar el funcionamiento de la creacion de una cuenta por mensaje" time="3.306"/>
  <testcase name="Valida la creacion de la cuenta mostrando un mensaje &quot;This user already exist&quot; Y hace click en Aceptar" classname="Validar el funcionamiento de la creacion de una cuenta por mensaje" time="18.332"/>
  <testcase name="Validar el funcionamiento de la creacion de una cuenta por mensaje" classname="Validar el funcionamiento de la creacion de una cuenta por mensaje" time="19.693"/>
</testsuite>